# JRE version: OpenJDK Runtime Environment (20.0.1+9) (build 20.0.1+9-29)
# Java VM: OpenJDK 64-Bit Server VM (20.0.1+9-29, mixed mode, sharing, tiered, compressed oops, compressed class ptrs, g1 gc, windows-amd64)
GC Precious Log:
 CardTable entry size: 512
 Card Set container configuration: InlinePtr #cards 5 size 8 Array Of Cards #cards 12 size 40 Howl #buckets 4 coarsen threshold 1843 Howl Bitmap #cards 512 size 80 coarsen threshold 460 Card regions per heap region 1 cards per card region 2048
 CPUs: 8 total, 8 available
 Memory: 7991M
 Large Page Support: Disabled
 NUMA Support: Disabled
 Compressed Oops: Enabled (32-bit)
 Heap Region Size: 1M
 Heap Min Capacity: 8M
 Heap Initial Capacity: 126M
 Heap Max Capacity: 1998M
 Pre-touch: Disabled
 Parallel Workers: 8
 Concurrent Workers: 2
 Concurrent Refinement Workers: 8
 Periodic GC: Disabled
Heap:
 garbage-first heap   total 65536K, used 44868K [0x0000000083200000, 0x0000000100000000)
  region size 1024K, 13 young (13312K), 3 survivors (3072K)
 Metaspace       used 81118K, committed 81920K, reserved 1179648K
  class space    used 10809K, committed 11136K, reserved 1048576K
GC Heap History (20 events):
Event: 6.280 GC heap before
{Heap before GC invocations=11 (full 0):
 garbage-first heap   total 55296K, used 46331K [0x0000000083200000, 0x0000000100000000)
  region size 1024K, 26 young (26624K), 4 survivors (4096K)
 Metaspace       used 54761K, committed 55360K, reserved 1114112K
  class space    used 7306K, committed 7552K, reserved 1048576K
}
Event: 6.283 GC heap after
{Heap after GC invocations=12 (full 0):
 garbage-first heap   total 55296K, used 24746K [0x0000000083200000, 0x0000000100000000)
  region size 1024K, 3 young (3072K), 3 survivors (3072K)
 Metaspace       used 54761K, committed 55360K, reserved 1114112K
  class space    used 7306K, committed 7552K, reserved 1048576K
}
Event: 6.784 GC heap before
{Heap before GC invocations=12 (full 0):
 garbage-first heap   total 55296K, used 47274K [0x0000000083200000, 0x0000000100000000)
  region size 1024K, 25 young (25600K), 3 survivors (3072K)
 Metaspace       used 59050K, committed 59712K, reserved 1114112K
  class space    used 7891K, committed 8192K, reserved 1048576K
}
Event: 6.786 GC heap after
{Heap after GC invocations=13 (full 0):
 garbage-first heap   total 55296K, used 26683K [0x0000000083200000, 0x0000000100000000)
  region size 1024K, 4 young (4096K), 4 survivors (4096K)
 Metaspace       used 59050K, committed 59712K, reserved 1114112K
  class space    used 7891K, committed 8192K, reserved 1048576K
}
Event: 6.870 GC heap before
{Heap before GC invocations=13 (full 0):
 garbage-first heap   total 55296K, used 30779K [0x0000000083200000, 0x0000000100000000)
  region size 1024K, 9 young (9216K), 4 survivors (4096K)
 Metaspace       used 59859K, committed 60416K, reserved 1114112K
  class space    used 8015K, committed 8256K, reserved 1048576K
}
Event: 6.873 GC heap after
{Heap after GC invocations=14 (full 0):
 garbage-first heap   total 55296K, used 27212K [0x0000000083200000, 0x0000000100000000)
  region size 1024K, 1 young (1024K), 1 survivors (1024K)
 Metaspace       used 59859K, committed 60416K, reserved 1114112K
  class space    used 8015K, committed 8256K, reserved 1048576K
}
Event: 7.123 GC heap before
{Heap before GC invocations=15 (full 0):
 garbage-first heap   total 55296K, used 48716K [0x0000000083200000, 0x0000000100000000)
  region size 1024K, 22 young (22528K), 1 survivors (1024K)
 Metaspace       used 61180K, committed 61824K, reserved 1114112K
  class space    used 8229K, committed 8512K, reserved 1048576K
}
Event: 7.124 GC heap after
{Heap after GC invocations=16 (full 0):
 garbage-first heap   total 55296K, used 28399K [0x0000000083200000, 0x0000000100000000)
  region size 1024K, 2 young (2048K), 2 survivors (2048K)
 Metaspace       used 61180K, committed 61824K, reserved 1114112K
  class space    used 8229K, committed 8512K, reserved 1048576K
}
Event: 7.473 GC heap before
{Heap before GC invocations=16 (full 0):
 garbage-first heap   total 55296K, used 47855K [0x0000000083200000, 0x0000000100000000)
  region size 1024K, 22 young (22528K), 2 survivors (2048K)
 Metaspace       used 64816K, committed 65536K, reserved 1114112K
  class space    used 8686K, committed 9024K, reserved 1048576K
}
Event: 7.477 GC heap after
{Heap after GC invocations=17 (full 0):
 garbage-first heap   total 55296K, used 29984K [0x0000000083200000, 0x0000000100000000)
  region size 1024K, 3 young (3072K), 3 survivors (3072K)
 Metaspace       used 64816K, committed 65536K, reserved 1114112K
  class space    used 8686K, committed 9024K, reserved 1048576K
}
Event: 8.287 GC heap before
{Heap before GC invocations=17 (full 0):
 garbage-first heap   total 55296K, used 46368K [0x0000000083200000, 0x0000000100000000)
  region size 1024K, 20 young (20480K), 3 survivors (3072K)
 Metaspace       used 70357K, committed 71040K, reserved 1114112K
  class space    used 9361K, committed 9664K, reserved 1048576K
}
Event: 8.291 GC heap after
{Heap after GC invocations=18 (full 0):
 garbage-first heap   total 55296K, used 31674K [0x0000000083200000, 0x0000000100000000)
  region size 1024K, 2 young (2048K), 2 survivors (2048K)
 Metaspace       used 70357K, committed 71040K, reserved 1114112K
  class space    used 9361K, committed 9664K, reserved 1048576K
}
Event: 8.542 GC heap before
{Heap before GC invocations=19 (full 0):
 garbage-first heap   total 58368K, used 48058K [0x0000000083200000, 0x0000000100000000)
  region size 1024K, 18 young (18432K), 2 survivors (2048K)
 Metaspace       used 71406K, committed 72192K, reserved 1114112K
  class space    used 9505K, committed 9856K, reserved 1048576K
}
Event: 8.544 GC heap after
{Heap after GC invocations=20 (full 0):
 garbage-first heap   total 58368K, used 33173K [0x0000000083200000, 0x0000000100000000)
  region size 1024K, 3 young (3072K), 3 survivors (3072K)
 Metaspace       used 71406K, committed 72192K, reserved 1114112K
  class space    used 9505K, committed 9856K, reserved 1048576K
}
Event: 8.793 GC heap before
{Heap before GC invocations=20 (full 0):
 garbage-first heap   total 58368K, used 50581K [0x0000000083200000, 0x0000000100000000)
  region size 1024K, 20 young (20480K), 3 survivors (3072K)
 Metaspace       used 73168K, committed 73984K, reserved 1114112K
  class space    used 9728K, committed 10112K, reserved 1048576K
}
Event: 8.796 GC heap after
{Heap after GC invocations=21 (full 0):
 garbage-first heap   total 58368K, used 34440K [0x0000000083200000, 0x0000000100000000)
  region size 1024K, 3 young (3072K), 3 survivors (3072K)
 Metaspace       used 73168K, committed 73984K, reserved 1114112K
  class space    used 9728K, committed 10112K, reserved 1048576K
}
Event: 15.845 GC heap before
{Heap before GC invocations=21 (full 0):
 garbage-first heap   total 58368K, used 50824K [0x0000000083200000, 0x0000000100000000)
  region size 1024K, 19 young (19456K), 3 survivors (3072K)
 Metaspace       used 75279K, committed 76096K, reserved 1179648K
  class space    used 10007K, committed 10368K, reserved 1048576K
}
Event: 15.848 GC heap after
{Heap after GC invocations=22 (full 0):
 garbage-first heap   total 58368K, used 35879K [0x0000000083200000, 0x0000000100000000)
  region size 1024K, 3 young (3072K), 3 survivors (3072K)
 Metaspace       used 75279K, committed 76096K, reserved 1179648K
  class space    used 10007K, committed 10368K, reserved 1048576K
}
Event: 43.186 GC heap before
{Heap before GC invocations=23 (full 0):
 garbage-first heap   total 65536K, used 49191K [0x0000000083200000, 0x0000000100000000)
  region size 1024K, 17 young (17408K), 3 survivors (3072K)
 Metaspace       used 79222K, committed 80064K, reserved 1179648K
  class space    used 10574K, committed 10944K, reserved 1048576K
}
Event: 43.233 GC heap after
{Heap after GC invocations=24 (full 0):
 garbage-first heap   total 65536K, used 36676K [0x0000000083200000, 0x0000000100000000)
  region size 1024K, 3 young (3072K), 3 survivors (3072K)
 Metaspace       used 79222K, committed 80064K, reserved 1179648K
  class space    used 10574K, committed 10944K, reserved 1048576K
}

